#! /usr/bin/vvp
:ivl_version "12.0 (stable)";
:ivl_delay_selection "TYPICAL";
:vpi_time_precision - 10;
:vpi_module "/usr/lib/x86_64-linux-gnu/ivl/system.vpi";
:vpi_module "/usr/lib/x86_64-linux-gnu/ivl/vhdl_sys.vpi";
:vpi_module "/usr/lib/x86_64-linux-gnu/ivl/vhdl_textio.vpi";
:vpi_module "/usr/lib/x86_64-linux-gnu/ivl/v2005_math.vpi";
:vpi_module "/usr/lib/x86_64-linux-gnu/ivl/va_math.vpi";
S_0x5b33a3f657f0 .scope module, "inverter_switch_tb" "inverter_switch_tb" 2 10;
 .timescale -9 -10;
RS_0x7aeed665e018 .resolv tri, L_0x5b33a3f777f0, L_0x5b33a3f77950;
v0x5b33a3f77510_0 .net8 "f", 0 0, RS_0x7aeed665e018;  2 drivers, strength-aware
v0x5b33a3f775e0_0 .var "x", 0 0;
S_0x5b33a3f65980 .scope module, "G0" "inverter_switch" 2 14, 3 5 0, S_0x5b33a3f657f0;
 .timescale 0 0;
    .port_info 0 /INPUT 1 "x";
    .port_info 1 /OUTPUT 1 "f";
L_0x5b33a3f77750 .functor BUFT 1, C8<771>, C4<0>, C4<0>, C4<0>;
L_0x5b33a3f777f0 .functor PMOS 1, L_0x5b33a3f77750, v0x5b33a3f775e0_0, C4<0>, C4<0>;
L_0x5b33a3f776b0 .functor BUFT 1, C8<770>, C4<0>, C4<0>, C4<0>;
L_0x5b33a3f77950 .functor NMOS 1, L_0x5b33a3f776b0, v0x5b33a3f775e0_0, C4<0>, C4<0>;
v0x5b33a3f65b60_0 .net8 "f", 0 0, RS_0x7aeed665e018;  alias, 2 drivers, strength-aware
v0x5b33a3f77290_0 .net8 "gnd", 0 0, L_0x5b33a3f776b0;  1 drivers, strength-aware
v0x5b33a3f77350_0 .net8 "vdd", 0 0, L_0x5b33a3f77750;  1 drivers, strength-aware
v0x5b33a3f773f0_0 .net "x", 0 0, v0x5b33a3f775e0_0;  1 drivers
    .scope S_0x5b33a3f657f0;
T_0 ;
    %pushi/vec4 0, 0, 1;
    %store/vec4 v0x5b33a3f775e0_0, 0, 1;
    %delay 300, 0;
    %vpi_call 2 17 "$finish" {0 0 0};
    %end;
    .thread T_0;
    .scope S_0x5b33a3f657f0;
T_1 ;
    %vpi_call 2 20 "$dumpfile", "inverter_switch.vcd" {0 0 0};
    %vpi_call 2 21 "$dumpvars", 32'sb00000000000000000000000000000000, S_0x5b33a3f657f0 {0 0 0};
    %vpi_call 2 22 "$monitor", $time, "x = %b, f = %b", v0x5b33a3f775e0_0, v0x5b33a3f77510_0 {0 0 0};
    %delay 50, 0;
    %pushi/vec4 1, 0, 1;
    %store/vec4 v0x5b33a3f775e0_0, 0, 1;
    %delay 100, 0;
    %pushi/vec4 0, 0, 1;
    %store/vec4 v0x5b33a3f775e0_0, 0, 1;
    %delay 50, 0;
    %pushi/vec4 1, 0, 1;
    %store/vec4 v0x5b33a3f775e0_0, 0, 1;
    %end;
    .thread T_1;
# The file index is used to find the file name in the following table.
:file_names 4;
    "N/A";
    "<interactive>";
    "inverter_switch_tb.v";
    "./inverter_switch.v";
