#! /usr/bin/vvp
:ivl_version "12.0 (stable)";
:ivl_delay_selection "TYPICAL";
:vpi_time_precision - 12;
:vpi_module "/usr/lib/x86_64-linux-gnu/ivl/system.vpi";
:vpi_module "/usr/lib/x86_64-linux-gnu/ivl/vhdl_sys.vpi";
:vpi_module "/usr/lib/x86_64-linux-gnu/ivl/vhdl_textio.vpi";
:vpi_module "/usr/lib/x86_64-linux-gnu/ivl/v2005_math.vpi";
:vpi_module "/usr/lib/x86_64-linux-gnu/ivl/va_math.vpi";
S_0x5c502cf73870 .scope module, "flip_flop_tb" "flip_flop_tb" 2 9;
 .timescale -9 -12;
v0x5c502cf86840_0 .var "a0", 0 0;
v0x5c502cf86900_0 .var "b0", 0 0;
v0x5c502cf869d0_0 .net "q", 0 0, L_0x5c502cf86ce0;  1 drivers
v0x5c502cf86ad0_0 .net "qnot", 0 0, L_0x5c502cf86eb0;  1 drivers
S_0x5c502cf73a00 .scope module, "uut" "flip_flop" 2 12, 3 7 0, S_0x5c502cf73870;
 .timescale 0 0;
    .port_info 0 /INPUT 1 "a";
    .port_info 1 /INPUT 1 "b";
    .port_info 2 /OUTPUT 1 "q";
    .port_info 3 /OUTPUT 1 "qnot";
L_0x5c502cf86ba0 .functor AND 1, v0x5c502cf86840_0, L_0x5c502cf86eb0, C4<1>, C4<1>;
L_0x5c502cf86ce0 .functor NOT 1, L_0x5c502cf86ba0, C4<0>, C4<0>, C4<0>;
L_0x5c502cf86df0 .functor AND 1, v0x5c502cf86900_0, L_0x5c502cf86ce0, C4<1>, C4<1>;
L_0x5c502cf86eb0 .functor NOT 1, L_0x5c502cf86df0, C4<0>, C4<0>, C4<0>;
v0x5c502cf73c00_0 .net *"_ivl_0", 0 0, L_0x5c502cf86ba0;  1 drivers
v0x5c502cf86380_0 .net *"_ivl_4", 0 0, L_0x5c502cf86df0;  1 drivers
v0x5c502cf86460_0 .net "a", 0 0, v0x5c502cf86840_0;  1 drivers
v0x5c502cf86530_0 .net "b", 0 0, v0x5c502cf86900_0;  1 drivers
v0x5c502cf865f0_0 .net "q", 0 0, L_0x5c502cf86ce0;  alias, 1 drivers
v0x5c502cf86700_0 .net "qnot", 0 0, L_0x5c502cf86eb0;  alias, 1 drivers
    .scope S_0x5c502cf73870;
T_0 ;
    %vpi_call 2 20 "$dumpfile", "flip_flop.vcd" {0 0 0};
    %vpi_call 2 21 "$dumpvars", 32'sb00000000000000000000000000000000, S_0x5c502cf73870 {0 0 0};
    %pushi/vec4 0, 0, 1;
    %store/vec4 v0x5c502cf86840_0, 0, 1;
    %pushi/vec4 0, 0, 1;
    %store/vec4 v0x5c502cf86900_0, 0, 1;
    %delay 10000, 0;
    %pushi/vec4 0, 0, 1;
    %store/vec4 v0x5c502cf86840_0, 0, 1;
    %pushi/vec4 0, 0, 1;
    %store/vec4 v0x5c502cf86900_0, 0, 1;
    %delay 10000, 0;
    %pushi/vec4 0, 0, 1;
    %store/vec4 v0x5c502cf86840_0, 0, 1;
    %pushi/vec4 1, 0, 1;
    %store/vec4 v0x5c502cf86900_0, 0, 1;
    %delay 10000, 0;
    %pushi/vec4 1, 0, 1;
    %store/vec4 v0x5c502cf86840_0, 0, 1;
    %pushi/vec4 0, 0, 1;
    %store/vec4 v0x5c502cf86900_0, 0, 1;
    %delay 10000, 0;
    %pushi/vec4 1, 0, 1;
    %store/vec4 v0x5c502cf86840_0, 0, 1;
    %pushi/vec4 1, 0, 1;
    %store/vec4 v0x5c502cf86900_0, 0, 1;
    %delay 10000, 0;
    %vpi_call 2 29 "$finish" {0 0 0};
    %end;
    .thread T_0;
# The file index is used to find the file name in the following table.
:file_names 4;
    "N/A";
    "<interactive>";
    "flip_flop_tb.v";
    "./flip_flop.v";
